<!DOCTYPE html PUBLIC "-//W3C//DTD XHTML 1.1//EN" "https://www.w3.org/TR/xhtml11/DTD/xhtml11.dtd">
<html xmlns="https://www.w3.org/1999/xhtml">
<head>
<meta http-equiv="content-type" content="text/html; charset=UTF-8"/>
<title>TestNG Report</title>
<style type="text/css">table {margin-bottom:10px;border-collapse:collapse;empty-cells:show}th,td {border:1px solid #009;padding:.25em .5em}th {vertical-align:bottom}td {vertical-align:top}table a {font-weight:bold}.stripe td {background-color: #E6EBF9}.num {text-align:right}.passedodd td {background-color: #3F3}.passedeven td {background-color: #0A0}.skippedodd td {background-color: #DDD}.skippedeven td {background-color: #CCC}.failedodd td,.attn {background-color: #F33}.failedeven td,.stripe .attn {background-color: #D00}.stacktrace {white-space:pre;font-family:monospace}.totop {font-size:85%;text-align:center;border-bottom:2px solid #000}.invisible {display:none}</style>
</head>
<body>
<table>
<tr><th>Test</th><th># Passed</th><th># Skipped</th><th># Retried</th><th># Failed</th><th>Time (ms)</th><th>Included Groups</th><th>Excluded Groups</th></tr>
<tr><th colspan="8">InetBankingV1</th></tr>
<tr><td><a href="#t0">BankingApp Test</a></td><td class="num">14</td><td class="num">0</td><td class="num">0</td><td class="num attn">6</td><td class="num">1,104,441</td><td></td><td></td></tr>
</table>
<table id='summary'><thead><tr><th>Class</th><th>Method</th><th>Start</th><th>Time (ms)</th></tr></thead><tbody><tr><th colspan="4">InetBankingV1</th></tr></tbody><tbody id="t0"><tr><th colspan="4">BankingApp Test &#8212; failed</th></tr><tr class="failedeven"><td rowspan="1">com.inetbanking.testCases.TC_CustomStatement_015</td><td><a href="#m0">CustomStatement</a></td><td rowspan="1">1619709389282</td><td rowspan="1">11388</td></tr><tr class="failedodd"><td rowspan="1">com.inetbanking.testCases.TC_Deposit_009</td><td><a href="#m1">Deposit</a></td><td rowspan="1">1619709070247</td><td rowspan="1">10066</td></tr><tr class="failedeven"><td rowspan="4">com.inetbanking.testCases.TC_LoginDDT_002</td><td><a href="#m2">loginDDT</a></td><td rowspan="4">1619709725365</td><td rowspan="4">7969</td></tr><tr class="failedeven"><td><a href="#m3">loginDDT</a></td></tr><tr class="failedeven"><td><a href="#m4">loginDDT</a></td></tr><tr class="failedeven"><td><a href="#m5">loginDDT</a></td></tr><tr><th colspan="4">BankingApp Test &#8212; passed</th></tr><tr class="passedeven"><td rowspan="1">com.inetbanking.testCases.TC_AddCustomerTest_003</td><td><a href="#m6">addNewCustomer</a></td><td rowspan="1">1619708681007</td><td rowspan="1">18609</td></tr><tr class="passedodd"><td rowspan="1">com.inetbanking.testCases.TC_BalanceEnquiry_013</td><td><a href="#m7">BalanceEnquiry</a></td><td rowspan="1">1619709184937</td><td rowspan="1">8598</td></tr><tr class="passedeven"><td rowspan="1">com.inetbanking.testCases.TC_ChangePassword_012</td><td><a href="#m8">ChangePassword</a></td><td rowspan="1">1619709644206</td><td rowspan="1">18992</td></tr><tr class="passedodd"><td rowspan="1">com.inetbanking.testCases.TC_DeleteAccount_008</td><td><a href="#m9">deleteAccount</a></td><td rowspan="1">1619709606756</td><td rowspan="1">22775</td></tr><tr class="passedeven"><td rowspan="1">com.inetbanking.testCases.TC_DeleteCustomer_005</td><td><a href="#m10">deleteCustomer</a></td><td rowspan="1">1619709568981</td><td rowspan="1">20916</td></tr><tr class="passedodd"><td rowspan="1">com.inetbanking.testCases.TC_EditAccount_007</td><td><a href="#m11">editAccount</a></td><td rowspan="1">1619708981714</td><td rowspan="1">54354</td></tr><tr class="passedeven"><td rowspan="1">com.inetbanking.testCases.TC_EditCustomer_004</td><td><a href="#m12">editCustomer</a></td><td rowspan="1">1619708748423</td><td rowspan="1">116244</td></tr><tr class="passedodd"><td rowspan="1">com.inetbanking.testCases.TC_FundTransfer_011</td><td><a href="#m13">fundTransfer</a></td><td rowspan="1">1619709156510</td><td rowspan="1">16672</td></tr><tr class="passedeven"><td rowspan="1">com.inetbanking.testCases.TC_LoginDDT_002</td><td><a href="#m14">loginDDT</a></td><td rowspan="1">1619709685167</td><td rowspan="1">15916</td></tr><tr class="passedodd"><td rowspan="1">com.inetbanking.testCases.TC_LoginTest_001</td><td><a href="#m15">loginTest</a></td><td rowspan="1">1619708650957</td><td rowspan="1">10810</td></tr><tr class="passedeven"><td rowspan="1">com.inetbanking.testCases.TC_Logout_016</td><td><a href="#m16">Logout</a></td><td rowspan="1">1619709427773</td><td rowspan="1">118641</td></tr><tr class="passedodd"><td rowspan="1">com.inetbanking.testCases.TC_MiniStatement_014</td><td><a href="#m17">MiniStatement</a></td><td rowspan="1">1619709206424</td><td rowspan="1">11560</td></tr><tr class="passedeven"><td rowspan="1">com.inetbanking.testCases.TC_NewAccount_006</td><td><a href="#m18">newAccount</a></td><td rowspan="1">1619708903386</td><td rowspan="1">68680</td></tr><tr class="passedodd"><td rowspan="1">com.inetbanking.testCases.TC_Withdrawal_010</td><td><a href="#m19">withDrawal</a></td><td rowspan="1">1619709118153</td><td rowspan="1">16789</td></tr></tbody>
</table>
<h2>BankingApp Test</h2><h3 id="m0">com.inetbanking.testCases.TC_CustomStatement_015#CustomStatement</h3><table class="result"><tr><th>Exception</th></tr><tr><td><div class="stacktrace">org.openqa.selenium.UnhandledAlertException: unexpected alert open: {Alert text : User or Password is not valid}
  (Session info: chrome=90.0.4430.93): User or Password is not valid
Build info: version: &apos;3.141.59&apos;, revision: &apos;e82be7d358&apos;, time: &apos;2018-11-14T08:17:03&apos;
System info: host: &apos;DELL&apos;, ip: &apos;192.168.10.5&apos;, os.name: &apos;Windows 10&apos;, os.arch: &apos;amd64&apos;, os.version: &apos;10.0&apos;, java.version: &apos;15.0.1&apos;
Driver info: org.openqa.selenium.chrome.ChromeDriver
Capabilities {acceptInsecureCerts: false, browserName: chrome, browserVersion: 90.0.4430.93, chrome: {chromedriverVersion: 90.0.4430.24 (4c6d850f087da..., userDataDir: C:\Users\Atif_\AppData\Loca...}, goog:chromeOptions: {debuggerAddress: localhost:57319}, javascriptEnabled: true, networkConnectionEnabled: false, pageLoadStrategy: normal, platform: WINDOWS, platformName: WINDOWS, proxy: Proxy(), setWindowRect: true, strictFileInteractability: false, timeouts: {implicit: 0, pageLoad: 300000, script: 30000}, unhandledPromptBehavior: dismiss and notify, webauthn:extension:largeBlob: true, webauthn:virtualAuthenticators: true}
Session ID: 5abab098e09c84f5f4a936ef7fb35f29
*** Element info: {Using=xpath, value=/html/body/div[3]/div/ul/li[14]/a}
	at org.openqa.selenium.remote.http.W3CHttpResponseCodec.decode(W3CHttpResponseCodec.java:120)
	at org.openqa.selenium.remote.http.W3CHttpResponseCodec.decode(W3CHttpResponseCodec.java:49)
	at org.openqa.selenium.remote.HttpCommandExecutor.execute(HttpCommandExecutor.java:158)
	at org.openqa.selenium.remote.service.DriverCommandExecutor.execute(DriverCommandExecutor.java:83)
	at org.openqa.selenium.remote.RemoteWebDriver.execute(RemoteWebDriver.java:552)
	at org.openqa.selenium.remote.RemoteWebDriver.findElement(RemoteWebDriver.java:323)
	at org.openqa.selenium.remote.RemoteWebDriver.findElementByXPath(RemoteWebDriver.java:428)
	at org.openqa.selenium.By$ByXPath.findElement(By.java:353)
	at org.openqa.selenium.remote.RemoteWebDriver.findElement(RemoteWebDriver.java:315)
	at org.openqa.selenium.support.pagefactory.DefaultElementLocator.findElement(DefaultElementLocator.java:69)
	at org.openqa.selenium.support.pagefactory.internal.LocatingElementHandler.invoke(LocatingElementHandler.java:38)
	at com.sun.proxy.$Proxy15.click(Unknown Source)
	at com.inetbanking.pageObjects.CustomStatement.clickCustomStatement(CustomStatement.java:31)
	at com.inetbanking.testCases.TC_CustomStatement_015.CustomStatement(TC_CustomStatement_015.java:30)
	at java.base/java.util.ArrayList.forEach(ArrayList.java:1511)
... Removed 27 stack frames</div></td></tr></table><p class="totop"><a href="#summary">back to summary</a></p>
<h3 id="m1">com.inetbanking.testCases.TC_Deposit_009#Deposit</h3><table class="result"><tr><th>Exception</th></tr><tr><td><div class="stacktrace">org.openqa.selenium.NoSuchElementException: no such element: Unable to locate element: {&quot;method&quot;:&quot;css selector&quot;,&quot;selector&quot;:&quot;*[name=&apos;uid&apos;]&quot;}
  (Session info: chrome=90.0.4430.93)
For documentation on this error, please visit: https://www.seleniumhq.org/exceptions/no_such_element.html
Build info: version: &apos;3.141.59&apos;, revision: &apos;e82be7d358&apos;, time: &apos;2018-11-14T08:17:03&apos;
System info: host: &apos;DELL&apos;, ip: &apos;192.168.10.5&apos;, os.name: &apos;Windows 10&apos;, os.arch: &apos;amd64&apos;, os.version: &apos;10.0&apos;, java.version: &apos;15.0.1&apos;
Driver info: org.openqa.selenium.chrome.ChromeDriver
Capabilities {acceptInsecureCerts: false, browserName: chrome, browserVersion: 90.0.4430.93, chrome: {chromedriverVersion: 90.0.4430.24 (4c6d850f087da..., userDataDir: C:\Users\Atif_\AppData\Loca...}, goog:chromeOptions: {debuggerAddress: localhost:57077}, javascriptEnabled: true, networkConnectionEnabled: false, pageLoadStrategy: normal, platform: WINDOWS, platformName: WINDOWS, proxy: Proxy(), setWindowRect: true, strictFileInteractability: false, timeouts: {implicit: 0, pageLoad: 300000, script: 30000}, unhandledPromptBehavior: dismiss and notify, webauthn:extension:largeBlob: true, webauthn:virtualAuthenticators: true}
Session ID: 76000e33794a64672c14e969b9e1f998
*** Element info: {Using=name, value=uid}
	at org.openqa.selenium.remote.http.W3CHttpResponseCodec.createException(W3CHttpResponseCodec.java:187)
	at org.openqa.selenium.remote.http.W3CHttpResponseCodec.decode(W3CHttpResponseCodec.java:122)
	at org.openqa.selenium.remote.http.W3CHttpResponseCodec.decode(W3CHttpResponseCodec.java:49)
	at org.openqa.selenium.remote.HttpCommandExecutor.execute(HttpCommandExecutor.java:158)
	at org.openqa.selenium.remote.service.DriverCommandExecutor.execute(DriverCommandExecutor.java:83)
	at org.openqa.selenium.remote.RemoteWebDriver.execute(RemoteWebDriver.java:552)
	at org.openqa.selenium.remote.RemoteWebDriver.findElement(RemoteWebDriver.java:323)
	at org.openqa.selenium.remote.RemoteWebDriver.findElementByName(RemoteWebDriver.java:404)
	at org.openqa.selenium.By$ByName.findElement(By.java:284)
	at org.openqa.selenium.remote.RemoteWebDriver.findElement(RemoteWebDriver.java:315)
	at org.openqa.selenium.support.pagefactory.DefaultElementLocator.findElement(DefaultElementLocator.java:69)
	at org.openqa.selenium.support.pagefactory.internal.LocatingElementHandler.invoke(LocatingElementHandler.java:38)
	at com.sun.proxy.$Proxy15.sendKeys(Unknown Source)
	at com.inetbanking.pageObjects.LoginPage.setUserName(LoginPage.java:47)
	at com.inetbanking.testCases.TC_Deposit_009.Deposit(TC_Deposit_009.java:21)
	at java.base/java.util.ArrayList.forEach(ArrayList.java:1511)
... Removed 32 stack frames</div></td></tr></table><p class="totop"><a href="#summary">back to summary</a></p>
<h3 id="m2">com.inetbanking.testCases.TC_LoginDDT_002#loginDDT</h3><table class="result"><tr class="param"><th>Parameter #1</th><th>Parameter #2</th></tr><tr class="param stripe"><td>mngr42222</td><td>sdadasda</td></tr><tr><th colspan="2">Exception</th></tr><tr><td colspan="2"><div class="stacktrace">java.lang.AssertionError: expected [true] but found [false]
	at com.inetbanking.testCases.TC_LoginDDT_002.loginDDT(TC_LoginDDT_002.java:30)
	at java.base/java.util.ArrayList.forEach(ArrayList.java:1511)
... Removed 31 stack frames</div></td></tr></table><p class="totop"><a href="#summary">back to summary</a></p>
<h3 id="m3">com.inetbanking.testCases.TC_LoginDDT_002#loginDDT</h3><table class="result"><tr class="param"><th>Parameter #1</th><th>Parameter #2</th></tr><tr class="param stripe"><td>mngr24555</td><td>asdasdada</td></tr><tr><th colspan="2">Exception</th></tr><tr><td colspan="2"><div class="stacktrace">java.lang.AssertionError: expected [true] but found [false]
	at com.inetbanking.testCases.TC_LoginDDT_002.loginDDT(TC_LoginDDT_002.java:30)
	at java.base/java.util.ArrayList.forEach(ArrayList.java:1511)
... Removed 31 stack frames</div></td></tr></table><p class="totop"><a href="#summary">back to summary</a></p>
<h3 id="m4">com.inetbanking.testCases.TC_LoginDDT_002#loginDDT</h3><table class="result"><tr class="param"><th>Parameter #1</th><th>Parameter #2</th></tr><tr class="param stripe"><td>mngr19111</td><td>dasddas</td></tr><tr><th colspan="2">Exception</th></tr><tr><td colspan="2"><div class="stacktrace">java.lang.AssertionError: expected [true] but found [false]
	at com.inetbanking.testCases.TC_LoginDDT_002.loginDDT(TC_LoginDDT_002.java:30)
	at java.base/java.util.ArrayList.forEach(ArrayList.java:1511)
... Removed 31 stack frames</div></td></tr></table><p class="totop"><a href="#summary">back to summary</a></p>
<h3 id="m5">com.inetbanking.testCases.TC_LoginDDT_002#loginDDT</h3><table class="result"><tr class="param"><th>Parameter #1</th><th>Parameter #2</th></tr><tr class="param stripe"><td>mngr31111</td><td>tYasa</td></tr><tr><th colspan="2">Exception</th></tr><tr><td colspan="2"><div class="stacktrace">java.lang.AssertionError: expected [true] but found [false]
	at com.inetbanking.testCases.TC_LoginDDT_002.loginDDT(TC_LoginDDT_002.java:30)
	at java.base/java.util.ArrayList.forEach(ArrayList.java:1511)
... Removed 31 stack frames</div></td></tr></table><p class="totop"><a href="#summary">back to summary</a></p>
<h3 id="m6">com.inetbanking.testCases.TC_AddCustomerTest_003#addNewCustomer</h3><table class="result"><tr><th class="invisible"/></tr></table><p class="totop"><a href="#summary">back to summary</a></p>
<h3 id="m7">com.inetbanking.testCases.TC_BalanceEnquiry_013#BalanceEnquiry</h3><table class="result"><tr><th class="invisible"/></tr></table><p class="totop"><a href="#summary">back to summary</a></p>
<h3 id="m8">com.inetbanking.testCases.TC_ChangePassword_012#ChangePassword</h3><table class="result"><tr><th class="invisible"/></tr></table><p class="totop"><a href="#summary">back to summary</a></p>
<h3 id="m9">com.inetbanking.testCases.TC_DeleteAccount_008#deleteAccount</h3><table class="result"><tr><th class="invisible"/></tr></table><p class="totop"><a href="#summary">back to summary</a></p>
<h3 id="m10">com.inetbanking.testCases.TC_DeleteCustomer_005#deleteCustomer</h3><table class="result"><tr><th class="invisible"/></tr></table><p class="totop"><a href="#summary">back to summary</a></p>
<h3 id="m11">com.inetbanking.testCases.TC_EditAccount_007#editAccount</h3><table class="result"><tr><th class="invisible"/></tr></table><p class="totop"><a href="#summary">back to summary</a></p>
<h3 id="m12">com.inetbanking.testCases.TC_EditCustomer_004#editCustomer</h3><table class="result"><tr><th class="invisible"/></tr></table><p class="totop"><a href="#summary">back to summary</a></p>
<h3 id="m13">com.inetbanking.testCases.TC_FundTransfer_011#fundTransfer</h3><table class="result"><tr><th class="invisible"/></tr></table><p class="totop"><a href="#summary">back to summary</a></p>
<h3 id="m14">com.inetbanking.testCases.TC_LoginDDT_002#loginDDT</h3><table class="result"><tr class="param"><th>Parameter #1</th><th>Parameter #2</th></tr><tr class="param stripe"><td>mngr318118 </td><td>@123456</td></tr></table><p class="totop"><a href="#summary">back to summary</a></p>
<h3 id="m15">com.inetbanking.testCases.TC_LoginTest_001#loginTest</h3><table class="result"><tr><th class="invisible"/></tr></table><p class="totop"><a href="#summary">back to summary</a></p>
<h3 id="m16">com.inetbanking.testCases.TC_Logout_016#Logout</h3><table class="result"><tr><th class="invisible"/></tr></table><p class="totop"><a href="#summary">back to summary</a></p>
<h3 id="m17">com.inetbanking.testCases.TC_MiniStatement_014#MiniStatement</h3><table class="result"><tr><th class="invisible"/></tr></table><p class="totop"><a href="#summary">back to summary</a></p>
<h3 id="m18">com.inetbanking.testCases.TC_NewAccount_006#newAccount</h3><table class="result"><tr><th class="invisible"/></tr></table><p class="totop"><a href="#summary">back to summary</a></p>
<h3 id="m19">com.inetbanking.testCases.TC_Withdrawal_010#withDrawal</h3><table class="result"><tr><th class="invisible"/></tr></table><p class="totop"><a href="#summary">back to summary</a></p>
</body>
</html>
